#
# There is insufficient memory for the Java Runtime Environment to continue.
# Native memory allocation (mmap) failed to map 134217728 bytes for G1 virtual space
# Possible reasons:
#   The system is out of physical RAM or swap space
#   The process is running with CompressedOops enabled, and the Java Heap may be blocking the growth of the native heap
# Possible solutions:
#   Reduce memory load on the system
#   Increase physical memory or swap space
#   Check if swap backing store is full
#   Decrease Java heap size (-Xmx/-Xms)
#   Decrease number of Java threads
#   Decrease Java thread stack sizes (-Xss)
#   Set larger code cache with -XX:ReservedCodeCacheSize=
#   JVM is running with Unscaled Compressed Oops mode in which the Java heap is
#     placed in the first 4GB address space. The Java Heap base address is the
#     maximum limit for the native heap growth. Please use -XX:HeapBaseMinAddress
#     to set the Java Heap base and to place the Java Heap above 4GB virtual address.
# This output file may be truncated or incomplete.
#
#  Out of Memory Error (os_windows.cpp:3466), pid=20100, tid=30352
#
# JRE version:  (16.0.1+9) (build )
# Java VM: OpenJDK 64-Bit Server VM (16.0.1+9-24, mixed mode, sharing, tiered, compressed oops, compressed class ptrs, g1 gc, windows-amd64)
# No core dump will be written. Minidumps are not enabled by default on client versions of Windows
#

---------------  S U M M A R Y ------------

Command Line: -javaagent:D:\APPS\IntelliJ IDEA 2022.1\lib\idea_rt.jar=52659:D:\APPS\IntelliJ IDEA 2022.1\bin -Dfile.encoding=UTF-8 Main

Host: Intel(R) Core(TM) i5-8250U CPU @ 1.60GHz, 8 cores, 7G,  Windows 10 , 64 bit Build 22000 (10.0.22000.675)
Time: Thu Jun  2 19:26:16 2022 Central European Daylight Time elapsed time: 0.050895 seconds (0d 0h 0m 0s)

---------------  T H R E A D  ---------------

Current thread (0x0000019a2ef4e870):  JavaThread "Unknown thread" [_thread_in_vm, id=30352, stack(0x0000002c52c00000,0x0000002c52d00000)]

Stack: [0x0000002c52c00000,0x0000002c52d00000]
Native frames: (J=compiled Java code, j=interpreted, Vv=VM code, C=native code)
V  [jvm.dll+0x6687ca]
V  [jvm.dll+0x7ca3c9]
V  [jvm.dll+0x7cbb53]
V  [jvm.dll+0x7cc1b3]
V  [jvm.dll+0x242ea5]
V  [jvm.dll+0x665589]
V  [jvm.dll+0x65a175]
V  [jvm.dll+0x2fc5ab]
V  [jvm.dll+0x3037a6]
V  [jvm.dll+0x352fee]
V  [jvm.dll+0x35321f]
V  [jvm.dll+0x2d3618]
V  [jvm.dll+0x2d4854]
V  [jvm.dll+0x79ccb1]
V  [jvm.dll+0x360de1]
V  [jvm.dll+0x77a990]
V  [jvm.dll+0x3e55af]
V  [jvm.dll+0x3e7081]
C  [jli.dll+0x52fb]
C  [ucrtbase.dll+0x26c0c]
C  [KERNEL32.DLL+0x154e0]
C  [ntdll.dll+0x485b]


---------------  P R O C E S S  ---------------

Threads class SMR info:
_java_thread_list=0x00007ff8878dcbb8, length=0, elements={
}

Java Threads: ( => current thread )

Other Threads:
  0x0000019a2ef8cb40 GCTaskThread "GC Thread#0" [stack: 0x0000002c52d00000,0x0000002c52e00000] [id=56844]
  0x0000019a2ef9e760 ConcurrentGCThread "G1 Main Marker" [stack: 0x0000002c52e00000,0x0000002c52f00000] [id=72360]
  0x0000019a2ef9f0e0 ConcurrentGCThread "G1 Conc#0" [stack: 0x0000002c52f00000,0x0000002c53000000] [id=38404]

[error occurred during error reporting (printing all threads), id 0xc0000005, EXCEPTION_ACCESS_VIOLATION (0xc0000005) at pc=0x00007ff8870b44d7]

VM state: not at safepoint (not fully initialized)

VM Mutex/Monitor currently owned by a thread:  ([mutex/lock_event])
[0x0000019a2ef49c30] Heap_lock - owner thread: 0x0000019a2ef4e870

Heap address: 0x0000000081e00000, size: 2018 MB, Compressed Oops mode: 32-bit

CDS archive(s) mapped at: [0x0000000000000000-0x0000000000000000-0x0000000000000000), size 0, SharedBaseAddress: 0x0000000800000000, ArchiveRelocationMode: 0.
Narrow klass base: 0x0000000000000000, Narrow klass shift: 0, Narrow klass range: 0x0

GC Precious Log:
<Empty>

Heap:
 garbage-first heap   total 0K, used 0K [0x0000000081e00000, 0x0000000100000000)
  region size 1024K, 0 young (0K), 0 survivors (0K)

[error occurred during error reporting (printing heap information), id 0xc0000005, EXCEPTION_ACCESS_VIOLATION (0xc0000005) at pc=0x00007ff8874924ed]

GC Heap History (0 events):
No events

Deoptimization events (0 events):
No events

Classes unloaded (0 events):
No events

Classes redefined (0 events):
No events

Internal exceptions (0 events):
No events

Events (1 events):
Event: 0.034 Loaded shared library C:\Users\jjsas\.jdks\openjdk-16.0.1\bin\java.dll


Dynamic libraries:
0x00007ff7a4ff0000 - 0x00007ff7a4ffe000 	C:\Users\jjsas\.jdks\openjdk-16.0.1\bin\java.exe
0x00007ff8e3840000 - 0x00007ff8e3a49000 	C:\WINDOWS\SYSTEM32\ntdll.dll
0x00007ff8e22d0000 - 0x00007ff8e238d000 	C:\WINDOWS\System32\KERNEL32.DLL
0x00007ff8e1230000 - 0x00007ff8e15a9000 	C:\WINDOWS\System32\KERNELBASE.dll
0x00007ff8e1110000 - 0x00007ff8e1221000 	C:\WINDOWS\System32\ucrtbase.dll
0x00007ff8d3b40000 - 0x00007ff8d3b58000 	C:\Users\jjsas\.jdks\openjdk-16.0.1\bin\jli.dll
0x00007ff8d39c0000 - 0x00007ff8d39d9000 	C:\Users\jjsas\.jdks\openjdk-16.0.1\bin\VCRUNTIME140.dll
0x00007ff8e33a0000 - 0x00007ff8e354c000 	C:\WINDOWS\System32\USER32.dll
0x00007ff8e0f70000 - 0x00007ff8e0f96000 	C:\WINDOWS\System32\win32u.dll
0x00007ff8e1a40000 - 0x00007ff8e1a69000 	C:\WINDOWS\System32\GDI32.dll
0x00007ff8bd9f0000 - 0x00007ff8bdc95000 	C:\WINDOWS\WinSxS\amd64_microsoft.windows.common-controls_6595b64144ccf1df_6.0.22000.120_none_9d947278b86cc467\COMCTL32.dll
0x00007ff8e0e50000 - 0x00007ff8e0f62000 	C:\WINDOWS\System32\gdi32full.dll
0x00007ff8e16e0000 - 0x00007ff8e1783000 	C:\WINDOWS\System32\msvcrt.dll
0x00007ff8e0db0000 - 0x00007ff8e0e4d000 	C:\WINDOWS\System32\msvcp_win.dll
0x00007ff8e2420000 - 0x00007ff8e2451000 	C:\WINDOWS\System32\IMM32.DLL
0x00007ff8d3330000 - 0x00007ff8d333c000 	C:\Users\jjsas\.jdks\openjdk-16.0.1\bin\vcruntime140_1.dll
0x00007ff8b3c40000 - 0x00007ff8b3cd1000 	C:\Users\jjsas\.jdks\openjdk-16.0.1\bin\msvcp140.dll
0x00007ff886dd0000 - 0x00007ff88797b000 	C:\Users\jjsas\.jdks\openjdk-16.0.1\bin\server\jvm.dll
0x00007ff8e3750000 - 0x00007ff8e37fe000 	C:\WINDOWS\System32\ADVAPI32.dll
0x00007ff8e19a0000 - 0x00007ff8e1a3e000 	C:\WINDOWS\System32\sechost.dll
0x00007ff8e1880000 - 0x00007ff8e19a0000 	C:\WINDOWS\System32\RPCRT4.dll
0x00007ff8e2680000 - 0x00007ff8e2688000 	C:\WINDOWS\System32\PSAPI.DLL
0x00007ff8d75c0000 - 0x00007ff8d75c9000 	C:\WINDOWS\SYSTEM32\WSOCK32.dll
0x00007ff8e2390000 - 0x00007ff8e23ff000 	C:\WINDOWS\System32\WS2_32.dll
0x00007ff8db0e0000 - 0x00007ff8db0ea000 	C:\WINDOWS\SYSTEM32\VERSION.dll
0x00007ff8db600000 - 0x00007ff8db633000 	C:\WINDOWS\SYSTEM32\WINMM.dll
0x00007ff8dfe10000 - 0x00007ff8dfe28000 	C:\WINDOWS\SYSTEM32\kernel.appcore.dll
0x00007ff8d2a30000 - 0x00007ff8d2a3a000 	C:\Users\jjsas\.jdks\openjdk-16.0.1\bin\jimage.dll
0x00007ff8be200000 - 0x00007ff8be421000 	C:\WINDOWS\SYSTEM32\DBGHELP.DLL
0x00007ff8be1b0000 - 0x00007ff8be1e1000 	C:\WINDOWS\SYSTEM32\dbgcore.DLL
0x00007ff8e0d30000 - 0x00007ff8e0daf000 	C:\WINDOWS\System32\bcryptPrimitives.dll
0x00007ff8c60b0000 - 0x00007ff8c60be000 	C:\Users\jjsas\.jdks\openjdk-16.0.1\bin\instrument.dll
0x00007ff8d0db0000 - 0x00007ff8d0dd5000 	C:\Users\jjsas\.jdks\openjdk-16.0.1\bin\java.dll

dbghelp: loaded successfully - version: 4.0.5 - missing functions: none
symbol engine: initialized successfully - sym options: 0x614 - pdb path: .;C:\Users\jjsas\.jdks\openjdk-16.0.1\bin;C:\WINDOWS\SYSTEM32;C:\WINDOWS\WinSxS\amd64_microsoft.windows.common-controls_6595b64144ccf1df_6.0.22000.120_none_9d947278b86cc467;C:\Users\jjsas\.jdks\openjdk-16.0.1\bin\server

VM Arguments:
jvm_args: -javaagent:D:\APPS\IntelliJ IDEA 2022.1\lib\idea_rt.jar=52659:D:\APPS\IntelliJ IDEA 2022.1\bin -Dfile.encoding=UTF-8 
java_command: Main
java_class_path (initial): D:\PROGRAMMING\UL\Cryptography\Crypto\target\classes
Launcher Type: SUN_STANDARD

[Global flags]
     intx CICompilerCount                          = 4                                         {product} {ergonomic}
     uint ConcGCThreads                            = 2                                         {product} {ergonomic}
     uint G1ConcRefinementThreads                  = 8                                         {product} {ergonomic}
   size_t G1HeapRegionSize                         = 1048576                                   {product} {ergonomic}
    uintx GCDrainStackTargetSize                   = 64                                        {product} {ergonomic}
   size_t InitialHeapSize                          = 134217728                                 {product} {ergonomic}
   size_t MarkStackSize                            = 4194304                                   {product} {ergonomic}
   size_t MaxHeapSize                              = 2116026368                                {product} {ergonomic}
   size_t MinHeapDeltaBytes                        = 1048576                                   {product} {ergonomic}
   size_t MinHeapSize                              = 8388608                                   {product} {ergonomic}
    uintx NonNMethodCodeHeapSize                   = 5839372                                {pd product} {ergonomic}
    uintx NonProfiledCodeHeapSize                  = 122909434                              {pd product} {ergonomic}
    uintx ProfiledCodeHeapSize                     = 122909434                              {pd product} {ergonomic}
    uintx ReservedCodeCacheSize                    = 251658240                              {pd product} {ergonomic}
     bool SegmentedCodeCache                       = true                                      {product} {ergonomic}
   size_t SoftMaxHeapSize                          = 2116026368                             {manageable} {ergonomic}
     bool UseCompressedClassPointers               = true                           {product lp64_product} {ergonomic}
     bool UseCompressedOops                        = true                           {product lp64_product} {ergonomic}
     bool UseG1GC                                  = true                                      {product} {ergonomic}
     bool UseLargePagesIndividualAllocation        = false                                  {pd product} {ergonomic}

Logging:
Log output configuration:
 #0: stdout all=warning uptime,level,tags
 #1: stderr all=off uptime,level,tags

Environment Variables:
PATH=C:\WINDOWS\system32;C:\WINDOWS;C:\WINDOWS\System32\Wbem;C:\WINDOWS\System32\WindowsPowerShell\v1.0\;C:\WINDOWS\System32\OpenSSH\;C:\Program Files\Microsoft SQL Server\Client SDK\ODBC\170\Tools\Binn\;C:\Program Files (x86)\Microsoft SQL Server\150\Tools\Binn\;C:\Program Files\Microsoft SQL Server\150\Tools\Binn\;C:\Program Files\Microsoft SQL Server\150\DTS\Binn\;C:\Program Files (x86)\Microsoft SQL Server\150\DTS\Binn\;C:\Program Files\Azure Data Studio\bin;C:\Program Files\Git\cmd;C:\Program Files (x86)\Microsoft SQL Server\110\Tools\Binn\;C:\Program Files\Microsoft SQL Server\110\Tools\Binn\;C:\Program Files\Microsoft SQL Server\110\DTS\Binn\;D:\APPS\MinGW\mingw32\bin;C:\Users\jjsas\AppData\Local\Microsoft\WindowsApps;C:\Program Files\Azure Data Studio\bin;D:\APPS\IntelliJ IDEA 2022.1\bin;D:\APPS\swipl\bin;C:\Users\jjsas\AppData\Local\atom\bin
USERNAME=jjsas
OS=Windows_NT
PROCESSOR_IDENTIFIER=Intel64 Family 6 Model 142 Stepping 10, GenuineIntel



---------------  S Y S T E M  ---------------

OS:
 Windows 10 , 64 bit Build 22000 (10.0.22000.675)
OS uptime: 18 days 0:02 hours

CPU: total 8 (initial active 8) (4 cores per cpu, 2 threads per core) family 6 model 142 stepping 10 microcode 0xe0, cx8, cmov, fxsr, ht, mmx, 3dnowpref, sse, sse2, sse3, ssse3, sse4.1, sse4.2, popcnt, lzcnt, tsc, tscinvbit, avx, avx2, aes, erms, clmul, bmi1, bmi2, adx, fma, vzeroupper, clflush, clflushopt

Memory: 4k page, system-wide physical 8066M (492M free)
TotalPageFile size 20748M (AvailPageFile size 113M)
current process WorkingSet (physical memory assigned to process): 10M, peak: 10M
current process commit charge ("private bytes"): 60M, peak: 188M

vm_info: OpenJDK 64-Bit Server VM (16.0.1+9-24) for windows-amd64 JRE (16.0.1+9-24), built on Mar 26 2021 19:30:07 by "mach5one" with MS VC++ 16.7 (VS2019)

END.
